TN:
SF:src\main.tsx
FN:1,(empty-report)
FNF:1
FNH:0
FNDA:0,(empty-report)
DA:1,0
DA:2,0
DA:3,0
DA:4,0
DA:5,0
DA:6,0
DA:7,0
DA:8,0
DA:9,0
DA:10,0
DA:11,0
DA:12,0
DA:13,0
DA:14,0
DA:15,0
DA:16,0
DA:17,0
DA:18,0
DA:19,0
DA:20,0
DA:21,0
DA:22,0
DA:23,0
DA:24,0
LF:24
LH:0
BRDA:1,0,0,0
BRF:1
BRH:0
end_of_record
TN:
SF:src\API\API_CreateMethods.tsx
FN:16,createFamily
FN:31,createMechanism
FN:45,createReaction
FN:60,createSpecies
FN:74,addSpeciesToReaction
FN:94,addReactionToMechanism
FN:114,addSpeciesToMechanism
FN:134,createUser
FN:148,addUserToMechanism
FN:166,createProperty
FNF:10
FNH:10
FNDA:3,createFamily
FNDA:3,createMechanism
FNDA:2,createReaction
FNDA:1,createSpecies
FNDA:2,addSpeciesToReaction
FNDA:1,addReactionToMechanism
FNDA:1,addSpeciesToMechanism
FNDA:2,createUser
FNDA:2,addUserToMechanism
FNDA:2,createProperty
DA:1,1
DA:2,1
DA:3,1
DA:4,1
DA:5,1
DA:6,1
DA:7,1
DA:8,1
DA:9,1
DA:10,1
DA:11,1
DA:12,1
DA:13,1
DA:14,1
DA:15,1
DA:16,3
DA:17,3
DA:18,3
DA:19,3
DA:20,3
DA:21,3
DA:22,3
DA:23,3
DA:24,2
DA:25,3
DA:26,1
DA:27,1
DA:28,1
DA:29,3
DA:30,1
DA:31,3
DA:32,3
DA:33,3
DA:34,3
DA:35,3
DA:36,3
DA:37,3
DA:38,2
DA:39,3
DA:40,1
DA:41,1
DA:42,1
DA:43,3
DA:44,1
DA:45,2
DA:46,2
DA:47,2
DA:48,2
DA:49,2
DA:50,2
DA:51,2
DA:52,2
DA:53,2
DA:54,2
DA:55,0
DA:56,0
DA:57,0
DA:58,2
DA:59,1
DA:60,1
DA:61,1
DA:62,1
DA:63,1
DA:64,1
DA:65,1
DA:66,1
DA:67,1
DA:68,1
DA:69,0
DA:70,0
DA:71,0
DA:72,1
DA:73,1
DA:74,2
DA:75,2
DA:76,2
DA:77,2
DA:78,2
DA:79,2
DA:80,2
DA:81,2
DA:82,2
DA:83,2
DA:84,2
DA:85,2
DA:86,2
DA:87,2
DA:88,2
DA:89,0
DA:90,0
DA:91,0
DA:92,2
DA:93,1
DA:94,1
DA:95,1
DA:96,1
DA:97,1
DA:98,1
DA:99,1
DA:100,1
DA:101,1
DA:102,1
DA:103,1
DA:104,1
DA:105,1
DA:106,1
DA:107,1
DA:108,1
DA:109,0
DA:110,0
DA:111,0
DA:112,1
DA:113,1
DA:114,1
DA:115,1
DA:116,1
DA:117,1
DA:118,1
DA:119,1
DA:120,1
DA:121,1
DA:122,1
DA:123,1
DA:124,1
DA:125,1
DA:126,1
DA:127,1
DA:128,1
DA:129,0
DA:130,0
DA:131,0
DA:132,1
DA:133,1
DA:134,2
DA:135,2
DA:136,2
DA:137,2
DA:138,2
DA:139,2
DA:140,2
DA:141,2
DA:142,2
DA:143,0
DA:144,0
DA:145,0
DA:146,2
DA:147,1
DA:148,2
DA:149,2
DA:150,2
DA:151,2
DA:152,2
DA:153,2
DA:154,2
DA:155,2
DA:156,2
DA:157,2
DA:158,2
DA:159,2
DA:160,2
DA:161,0
DA:162,0
DA:163,0
DA:164,2
DA:165,1
DA:166,2
DA:167,2
DA:168,2
DA:169,2
DA:170,2
DA:171,2
DA:172,2
DA:173,2
DA:174,2
DA:175,2
DA:176,2
DA:177,1
DA:178,1
DA:179,1
DA:180,1
DA:181,1
DA:182,2
LF:182
LH:161
BRDA:16,0,0,3
BRDA:23,1,0,2
BRDA:25,2,0,1
BRDA:31,3,0,3
BRDA:37,4,0,2
BRDA:39,5,0,1
BRDA:45,6,0,2
BRDA:54,7,0,0
BRDA:60,8,0,1
BRDA:68,9,0,0
BRDA:74,10,0,2
BRDA:88,11,0,0
BRDA:94,12,0,1
BRDA:108,13,0,0
BRDA:114,14,0,1
BRDA:128,15,0,0
BRDA:134,16,0,2
BRDA:142,17,0,0
BRDA:148,18,0,2
BRDA:160,19,0,0
BRDA:166,20,0,2
BRDA:176,21,0,1
BRF:22
BRH:15
end_of_record
TN:
SF:src\API\API_DeleteMethods.tsx
FN:7,deleteFamily
FN:22,deleteMechanism
FN:33,deleteSpecies
FN:48,deleteReaction
FN:63,deleteUser
FN:77,deleteProperty
FNF:6
FNH:6
FNDA:1,deleteFamily
FNDA:1,deleteMechanism
FNDA:1,deleteSpecies
FNDA:1,deleteReaction
FNDA:1,deleteUser
FNDA:1,deleteProperty
DA:1,1
DA:2,1
DA:3,1
DA:4,1
DA:5,1
DA:6,1
DA:7,1
DA:8,1
DA:9,1
DA:10,1
DA:11,1
DA:12,1
DA:13,1
DA:14,1
DA:15,1
DA:16,0
DA:17,0
DA:18,0
DA:19,1
DA:20,1
DA:21,1
DA:22,1
DA:23,1
DA:24,1
DA:25,1
DA:26,1
DA:27,0
DA:28,0
DA:29,0
DA:30,1
DA:31,1
DA:32,1
DA:33,1
DA:34,1
DA:35,1
DA:36,1
DA:37,1
DA:38,1
DA:39,1
DA:40,1
DA:41,1
DA:42,0
DA:43,0
DA:44,0
DA:45,1
DA:46,1
DA:47,1
DA:48,1
DA:49,1
DA:50,1
DA:51,1
DA:52,1
DA:53,1
DA:54,1
DA:55,1
DA:56,1
DA:57,0
DA:58,0
DA:59,0
DA:60,1
DA:61,1
DA:62,1
DA:63,1
DA:64,1
DA:65,1
DA:66,1
DA:67,1
DA:68,1
DA:69,1
DA:70,1
DA:71,1
DA:72,0
DA:73,0
DA:74,0
DA:75,1
DA:76,1
DA:77,1
DA:78,1
DA:79,1
DA:80,1
DA:81,1
DA:82,1
DA:83,1
DA:84,1
DA:85,1
DA:86,0
DA:87,0
DA:88,0
DA:89,1
LF:89
LH:71
BRDA:7,0,0,1
BRDA:15,1,0,0
BRDA:22,2,0,1
BRDA:26,3,0,0
BRDA:33,4,0,1
BRDA:41,5,0,0
BRDA:48,6,0,1
BRDA:56,7,0,0
BRDA:63,8,0,1
BRDA:71,9,0,0
BRDA:77,10,0,1
BRDA:85,11,0,0
BRF:12
BRH:6
end_of_record
TN:
SF:src\API\API_GetMethods.tsx
FN:18,getFamilies
FN:29,getFamily
FN:40,getMechanisms
FN:51,getMechanismsByFamilyId
FN:66,getMechanism
FN:77,getAllSpecies
FN:88,getSpecies
FN:99,getSpeciesByMechanismId
FN:113,getSpeciesByFamilyId
FN:128,getReactions
FN:139,getReaction
FN:150,getReactionsByMechanismId
FN:164,getReactionsByFamilyId
FN:178,getReactantsByReactionIdAsync
FN:192,getProductsByReactionIdAsync
FN:207,getUsers
FN:218,getUserByEmail
FN:229,getUserById
FN:239,getPropertyById
FN:251,getPropertyBySpeciesAndMechanism
FN:269,downloadOAJSON
FN:290,downloadOAYAML
FN:311,downloadOAMusicbox
FN:334,getSpeciesPropertiesByMechanismIDAsync
FNF:24
FNH:21
FNDA:7,getFamilies
FNDA:2,getFamily
FNDA:2,getMechanisms
FNDA:2,getMechanismsByFamilyId
FNDA:2,getMechanism
FNDA:2,getAllSpecies
FNDA:2,getSpecies
FNDA:4,getSpeciesByMechanismId
FNDA:3,getSpeciesByFamilyId
FNDA:2,getReactions
FNDA:2,getReaction
FNDA:2,getReactionsByMechanismId
FNDA:3,getReactionsByFamilyId
FNDA:2,getReactantsByReactionIdAsync
FNDA:2,getProductsByReactionIdAsync
FNDA:2,getUsers
FNDA:2,getUserByEmail
FNDA:2,getUserById
FNDA:2,getPropertyById
FNDA:0,getPropertyBySpeciesAndMechanism
FNDA:3,downloadOAJSON
FNDA:1,downloadOAYAML
FNDA:0,downloadOAMusicbox
FNDA:0,getSpeciesPropertiesByMechanismIDAsync
DA:1,1
DA:2,1
DA:3,1
DA:4,1
DA:5,1
DA:6,1
DA:7,1
DA:8,1
DA:9,1
DA:10,1
DA:11,1
DA:12,1
DA:13,1
DA:14,1
DA:15,1
DA:16,1
DA:17,1
DA:18,7
DA:19,7
DA:20,7
DA:21,1
DA:22,3
DA:23,2
DA:24,2
DA:25,2
DA:26,7
DA:27,1
DA:28,1
DA:29,2
DA:30,2
DA:31,2
DA:32,1
DA:33,1
DA:34,1
DA:35,1
DA:36,1
DA:37,2
DA:38,1
DA:39,1
DA:40,2
DA:41,2
DA:42,2
DA:43,1
DA:44,1
DA:45,1
DA:46,1
DA:47,1
DA:48,2
DA:49,1
DA:50,1
DA:51,2
DA:52,2
DA:53,2
DA:54,2
DA:55,2
DA:56,2
DA:57,2
DA:58,1
DA:59,1
DA:60,1
DA:61,1
DA:62,1
DA:63,2
DA:64,1
DA:65,1
DA:66,2
DA:67,2
DA:68,2
DA:69,1
DA:70,1
DA:71,1
DA:72,1
DA:73,1
DA:74,2
DA:75,1
DA:76,1
DA:77,2
DA:78,2
DA:79,2
DA:80,1
DA:81,1
DA:82,1
DA:83,1
DA:84,1
DA:85,2
DA:86,1
DA:87,1
DA:88,2
DA:89,2
DA:90,2
DA:91,1
DA:92,1
DA:93,1
DA:94,1
DA:95,1
DA:96,2
DA:97,1
DA:98,1
DA:99,4
DA:100,4
DA:101,4
DA:102,4
DA:103,4
DA:104,4
DA:105,4
DA:106,1
DA:107,1
DA:108,1
DA:109,1
DA:110,1
DA:111,4
DA:112,1
DA:113,3
DA:114,3
DA:115,3
DA:116,3
DA:117,3
DA:118,3
DA:119,3
DA:120,1
DA:121,1
DA:122,1
DA:123,1
DA:124,1
DA:125,3
DA:126,1
DA:127,1
DA:128,2
DA:129,2
DA:130,2
DA:131,1
DA:132,1
DA:133,1
DA:134,1
DA:135,1
DA:136,2
DA:137,1
DA:138,1
DA:139,2
DA:140,2
DA:141,2
DA:142,1
DA:143,1
DA:144,1
DA:145,1
DA:146,1
DA:147,2
DA:148,1
DA:149,1
DA:150,2
DA:151,2
DA:152,2
DA:153,2
DA:154,2
DA:155,2
DA:156,2
DA:157,1
DA:158,1
DA:159,1
DA:160,1
DA:161,1
DA:162,2
DA:163,1
DA:164,3
DA:165,3
DA:166,3
DA:167,3
DA:168,3
DA:169,3
DA:170,3
DA:171,1
DA:172,1
DA:173,1
DA:174,1
DA:175,1
DA:176,3
DA:177,1
DA:178,2
DA:179,2
DA:180,2
DA:181,2
DA:182,2
DA:183,2
DA:184,2
DA:185,1
DA:186,1
DA:187,1
DA:188,1
DA:189,1
DA:190,2
DA:191,1
DA:192,2
DA:193,2
DA:194,2
DA:195,2
DA:196,2
DA:197,2
DA:198,2
DA:199,1
DA:200,1
DA:201,1
DA:202,1
DA:203,1
DA:204,2
DA:205,1
DA:206,1
DA:207,2
DA:208,2
DA:209,2
DA:210,1
DA:211,1
DA:212,1
DA:213,1
DA:214,1
DA:215,2
DA:216,1
DA:217,1
DA:218,2
DA:219,2
DA:220,2
DA:221,2
DA:222,1
DA:223,1
DA:224,1
DA:225,1
DA:226,1
DA:227,2
DA:228,1
DA:229,2
DA:230,2
DA:231,2
DA:232,1
DA:233,1
DA:234,1
DA:235,1
DA:236,1
DA:237,2
DA:238,1
DA:239,2
DA:240,2
DA:241,2
DA:242,2
DA:243,2
DA:244,1
DA:245,1
DA:246,1
DA:247,1
DA:248,1
DA:249,2
DA:250,1
DA:251,0
DA:252,0
DA:253,0
DA:254,0
DA:255,0
DA:256,0
DA:257,0
DA:258,0
DA:259,0
DA:260,0
DA:261,0
DA:262,0
DA:263,0
DA:264,0
DA:265,0
DA:266,0
DA:267,1
DA:268,1
DA:269,3
DA:270,3
DA:271,2
DA:272,2
DA:273,2
DA:274,2
DA:275,2
DA:276,2
DA:277,2
DA:278,2
DA:279,2
DA:280,2
DA:281,2
DA:282,1
DA:283,1
DA:284,1
DA:285,1
DA:286,1
DA:287,3
DA:288,1
DA:289,1
DA:290,1
DA:291,1
DA:292,1
DA:293,1
DA:294,1
DA:295,1
DA:296,1
DA:297,1
DA:298,1
DA:299,1
DA:300,1
DA:301,1
DA:302,1
DA:303,1
DA:304,1
DA:305,0
DA:306,0
DA:307,0
DA:308,1
DA:309,1
DA:310,1
DA:311,0
DA:312,0
DA:313,0
DA:314,0
DA:315,0
DA:316,0
DA:317,0
DA:318,0
DA:319,0
DA:320,0
DA:321,0
DA:322,0
DA:323,0
DA:324,0
DA:325,0
DA:326,0
DA:327,0
DA:328,0
DA:329,0
DA:330,0
DA:331,0
DA:332,1
DA:333,1
DA:334,0
DA:335,0
DA:336,0
DA:337,0
DA:338,0
DA:339,0
DA:340,0
DA:341,0
DA:342,0
DA:343,0
DA:344,0
DA:345,0
DA:346,0
LF:346
LH:293
BRDA:18,0,0,7
BRDA:20,1,0,3
BRDA:20,2,0,1
BRDA:22,3,0,2
BRDA:29,4,0,2
BRDA:31,5,0,1
BRDA:40,6,0,2
BRDA:42,7,0,1
BRDA:51,8,0,2
BRDA:57,9,0,1
BRDA:66,10,0,2
BRDA:68,11,0,1
BRDA:77,12,0,2
BRDA:79,13,0,1
BRDA:88,14,0,2
BRDA:90,15,0,1
BRDA:99,16,0,4
BRDA:105,17,0,1
BRDA:113,18,0,3
BRDA:119,19,0,1
BRDA:128,20,0,2
BRDA:130,21,0,1
BRDA:139,22,0,2
BRDA:141,23,0,1
BRDA:150,24,0,2
BRDA:156,25,0,1
BRDA:164,26,0,3
BRDA:170,27,0,1
BRDA:178,28,0,2
BRDA:184,29,0,1
BRDA:192,30,0,2
BRDA:198,31,0,1
BRDA:207,32,0,2
BRDA:209,33,0,1
BRDA:218,34,0,2
BRDA:221,35,0,1
BRDA:229,36,0,2
BRDA:231,37,0,1
BRDA:239,38,0,2
BRDA:243,39,0,1
BRDA:269,40,0,3
BRDA:270,41,0,1
BRDA:270,42,0,2
BRDA:281,43,0,1
BRDA:290,44,0,1
BRDA:291,45,0,0
BRDA:304,46,0,0
BRF:47
BRH:45
end_of_record
TN:
SF:src\API\API_UpdateMethods.tsx
FN:15,updateFamily
FN:34,updateMechanism
FN:53,updateSpecies
FN:72,updateReaction
FN:90,updateUser
FN:104,updateProperty
FNF:6
FNH:6
FNDA:1,updateFamily
FNDA:1,updateMechanism
FNDA:1,updateSpecies
FNDA:1,updateReaction
FNDA:1,updateUser
FNDA:1,updateProperty
DA:1,1
DA:2,1
DA:3,1
DA:4,1
DA:5,1
DA:6,1
DA:7,1
DA:8,1
DA:9,1
DA:10,1
DA:11,1
DA:12,1
DA:13,1
DA:14,1
DA:15,1
DA:16,1
DA:17,1
DA:18,1
DA:19,1
DA:20,1
DA:21,1
DA:22,1
DA:23,1
DA:24,1
DA:25,1
DA:26,1
DA:27,1
DA:28,0
DA:29,0
DA:30,0
DA:31,1
DA:32,1
DA:33,1
DA:34,1
DA:35,1
DA:36,1
DA:37,1
DA:38,1
DA:39,1
DA:40,1
DA:41,1
DA:42,1
DA:43,1
DA:44,1
DA:45,1
DA:46,1
DA:47,0
DA:48,0
DA:49,0
DA:50,1
DA:51,1
DA:52,1
DA:53,1
DA:54,1
DA:55,1
DA:56,1
DA:57,1
DA:58,1
DA:59,1
DA:60,1
DA:61,1
DA:62,1
DA:63,1
DA:64,1
DA:65,1
DA:66,0
DA:67,0
DA:68,0
DA:69,1
DA:70,1
DA:71,1
DA:72,1
DA:73,1
DA:74,1
DA:75,1
DA:76,1
DA:77,1
DA:78,1
DA:79,1
DA:80,1
DA:81,1
DA:82,1
DA:83,1
DA:84,1
DA:85,0
DA:86,0
DA:87,0
DA:88,1
DA:89,1
DA:90,1
DA:91,1
DA:92,1
DA:93,1
DA:94,1
DA:95,1
DA:96,1
DA:97,1
DA:98,1
DA:99,0
DA:100,0
DA:101,0
DA:102,1
DA:103,1
DA:104,1
DA:105,1
DA:106,1
DA:107,1
DA:108,1
DA:109,1
DA:110,1
DA:111,1
DA:112,1
DA:113,1
DA:114,1
DA:115,1
DA:116,1
DA:117,0
DA:118,0
DA:119,0
DA:120,1
LF:120
LH:102
BRDA:15,0,0,1
BRDA:27,1,0,0
BRDA:34,2,0,1
BRDA:46,3,0,0
BRDA:53,4,0,1
BRDA:65,5,0,0
BRDA:72,6,0,1
BRDA:84,7,0,0
BRDA:90,8,0,1
BRDA:98,9,0,0
BRDA:104,10,0,1
BRDA:116,11,0,0
BRF:12
BRH:6
end_of_record
TN:
SF:src\API\API_config.tsx
FNF:0
FNH:0
DA:1,1
LF:1
LH:1
BRF:0
BRH:0
end_of_record
TN:
SF:src\components\CookieBanner.tsx
FN:4,CookieBanner
FN:17,handleAccept
FNF:2
FNH:1
FNDA:6,CookieBanner
FNDA:0,handleAccept
DA:1,1
DA:2,1
DA:3,1
DA:4,1
DA:5,6
DA:6,6
DA:7,6
DA:8,6
DA:9,6
DA:10,6
DA:11,6
DA:12,0
DA:13,0
DA:14,6
DA:15,6
DA:16,6
DA:17,6
DA:18,0
DA:19,0
DA:20,0
DA:21,6
DA:22,6
DA:23,6
DA:24,6
DA:25,6
DA:26,6
DA:27,6
DA:28,6
DA:29,6
DA:30,6
DA:31,6
DA:32,6
DA:33,6
DA:34,6
DA:35,6
DA:36,6
DA:37,6
DA:38,6
DA:39,6
DA:40,6
DA:41,6
DA:42,6
DA:43,6
DA:44,6
DA:45,6
DA:46,1
DA:47,1
LF:47
LH:42
BRDA:4,0,0,6
BRDA:9,1,0,6
BRDA:11,2,0,0
BRF:3
BRH:2
end_of_record
TN:
SF:src\components\HeaderFooter.tsx
FN:16,Header
FN:20,displayRole
FN:34,toggleDrawer
FN:79,Footer
FN:80,handleBugClick
FN:84,handleAccessibilityClick
FN:90,handleAboutOpen
FN:91,handleAboutClose
FNF:8
FNH:4
FNDA:8,Header
FNDA:5,displayRole
FNDA:16,toggleDrawer
FNDA:11,Footer
FNDA:0,handleBugClick
FNDA:0,handleAccessibilityClick
FNDA:0,handleAboutOpen
FNDA:0,handleAboutClose
DA:1,1
DA:2,1
DA:3,1
DA:4,1
DA:5,1
DA:6,1
DA:7,1
DA:8,1
DA:9,1
DA:10,1
DA:11,1
DA:12,1
DA:13,1
DA:14,1
DA:15,1
DA:16,1
DA:17,8
DA:18,8
DA:19,8
DA:20,8
DA:21,5
DA:22,5
DA:23,5
DA:24,5
DA:25,5
DA:26,0
DA:27,5
DA:28,0
DA:29,5
DA:30,0
DA:31,5
DA:32,5
DA:33,8
DA:34,8
DA:35,0
DA:36,0
DA:37,8
DA:38,8
DA:39,8
DA:40,8
DA:41,8
DA:42,8
DA:43,8
DA:44,8
DA:45,8
DA:46,8
DA:47,8
DA:48,8
DA:49,8
DA:50,8
DA:51,8
DA:52,8
DA:53,8
DA:54,8
DA:55,8
DA:56,8
DA:57,8
DA:58,5
DA:59,5
DA:60,5
DA:61,5
DA:62,5
DA:63,5
DA:64,5
DA:65,5
DA:66,5
DA:67,5
DA:68,3
DA:69,3
DA:70,3
DA:71,3
DA:72,3
DA:73,3
DA:74,8
DA:75,8
DA:76,8
DA:77,8
DA:78,1
DA:79,1
DA:80,11
DA:81,0
DA:82,0
DA:83,11
DA:84,11
DA:85,0
DA:86,0
DA:87,11
DA:88,11
DA:89,11
DA:90,11
DA:91,11
DA:92,11
DA:93,11
DA:94,11
DA:95,11
DA:96,11
DA:97,11
DA:98,11
DA:99,11
DA:100,11
DA:101,11
DA:102,11
DA:103,11
DA:104,11
DA:105,11
DA:106,11
DA:107,11
DA:108,11
DA:109,11
DA:110,11
DA:111,11
DA:112,11
DA:113,11
DA:114,11
DA:115,11
DA:116,11
DA:117,11
DA:118,11
DA:119,11
DA:120,11
DA:121,11
DA:122,11
DA:123,11
DA:124,11
DA:125,11
DA:126,11
DA:127,11
DA:128,11
DA:129,11
DA:130,11
DA:131,11
DA:132,11
DA:133,11
DA:134,11
DA:135,11
DA:136,11
DA:137,11
DA:138,11
DA:139,11
DA:140,11
DA:141,11
DA:142,11
DA:143,11
DA:144,11
DA:145,11
DA:146,11
DA:147,11
DA:148,11
DA:149,11
DA:150,11
DA:151,11
DA:152,11
DA:153,11
DA:154,11
DA:155,11
DA:156,11
DA:157,11
DA:158,11
DA:159,11
LF:159
LH:150
BRDA:16,0,0,8
BRDA:57,1,0,5
BRDA:67,2,0,3
BRDA:20,3,0,5
BRDA:21,4,0,0
BRDA:25,5,0,0
BRDA:27,6,0,0
BRDA:29,7,0,0
BRDA:34,8,0,16
BRDA:79,9,0,11
BRF:10
BRH:6
end_of_record
TN:
SF:src\components\Holidays.tsx
FN:34,Holidays
FN:39,fetchHolidays
FNF:2
FNH:2
FNDA:6,Holidays
FNDA:3,fetchHolidays
DA:1,1
DA:2,1
DA:3,1
DA:4,1
DA:5,1
DA:6,1
DA:7,1
DA:8,1
DA:9,1
DA:10,1
DA:11,1
DA:12,1
DA:13,1
DA:14,1
DA:15,1
DA:16,1
DA:17,1
DA:18,1
DA:19,1
DA:20,1
DA:21,1
DA:22,1
DA:23,1
DA:24,1
DA:25,1
DA:26,1
DA:27,1
DA:28,1
DA:29,1
DA:30,1
DA:31,1
DA:32,1
DA:33,1
DA:34,1
DA:35,6
DA:36,6
DA:37,6
DA:38,6
DA:39,3
DA:40,3
DA:41,3
DA:42,3
DA:43,3
DA:44,3
DA:45,3
DA:46,3
DA:47,0
DA:48,0
DA:49,3
DA:50,0
DA:51,0
DA:52,0
DA:53,3
DA:54,3
DA:55,3
DA:56,6
DA:57,6
DA:58,6
DA:59,6
DA:60,6
DA:61,6
DA:62,6
DA:63,6
DA:64,6
DA:65,6
DA:66,1
DA:67,1
LF:67
LH:62
BRDA:34,0,0,6
BRDA:62,1,0,3
BRDA:38,2,0,3
BRDA:39,3,0,3
BRDA:46,4,0,0
BRDA:49,5,0,0
BRF:6
BRH:4
end_of_record
TN:
SF:src\components\Modals.tsx
FN:146,CreatePublishModal
FN:159,CreateShareModal
FN:172,CreateDOIModal
FN:185,CreateFamilyModal
FN:192,handleCreateFamilyClick
FN:215,onChange
FN:225,CreateMechanismModal
FN:244,fetchSpeciesReactions
FN:262,fetchReactionEquations
FN:293,handleCreateMechanismClick
FN:337,onChange
FN:349,onChange
FN:364,onChange
FN:385,CreateSpeciesModal
FN:400,handleCreateSpeciesClick
FN:472,onChange
FN:490,onChange
FN:507,onChange
FN:526,onChange
FN:544,onChange
FN:563,onChange
FN:577,UpdateSpeciesModal
FN:615,handleUpdateSpeciesClick
FN:686,onChange
FN:705,onChange
FN:723,onChange
FN:743,onChange
FN:762,onChange
FN:782,onChange
FN:796,CreateReactionModal
FN:815,fetchReactions
FN:839,fetchReactionEquations
FN:868,handleCreateReactionClick
FN:941,onChange
FN:965,onChange
FN:975,onChange
FN:987,onChange
FN:1018,UpdateReactionModal
FN:1040,fetchReactions
FN:1093,fetchReactionEquations
FN:1122,handleCreateReactionClick
FN:1174,onChange
FN:1199,onChange
FN:1211,onChange
FN:1226,onChange
FN:1257,CreateReactantModal
FN:1272,fetchSpecies
FN:1290,handleCreateReactantClick
FN:1329,onChange
FN:1354,CreateProductModal
FN:1369,fetchSpecies
FN:1387,handleCreateProductClick
FN:1425,onChange
FNF:53
FNH:16
FNDA:1,CreatePublishModal
FNDA:1,CreateShareModal
FNDA:1,CreateDOIModal
FNDA:2,CreateFamilyModal
FNDA:0,handleCreateFamilyClick
FNDA:0,onChange
FNDA:4,CreateMechanismModal
FNDA:2,fetchSpeciesReactions
FNDA:0,fetchReactionEquations
FNDA:0,handleCreateMechanismClick
FNDA:0,onChange
FNDA:0,onChange
FNDA:0,onChange
FNDA:3,CreateSpeciesModal
FNDA:0,handleCreateSpeciesClick
FNDA:0,onChange
FNDA:0,onChange
FNDA:0,onChange
FNDA:0,onChange
FNDA:0,onChange
FNDA:0,onChange
FNDA:2,UpdateSpeciesModal
FNDA:0,handleUpdateSpeciesClick
FNDA:0,onChange
FNDA:0,onChange
FNDA:0,onChange
FNDA:0,onChange
FNDA:0,onChange
FNDA:0,onChange
FNDA:4,CreateReactionModal
FNDA:2,fetchReactions
FNDA:0,fetchReactionEquations
FNDA:0,handleCreateReactionClick
FNDA:0,onChange
FNDA:0,onChange
FNDA:0,onChange
FNDA:0,onChange
FNDA:2,UpdateReactionModal
FNDA:1,fetchReactions
FNDA:0,fetchReactionEquations
FNDA:0,handleCreateReactionClick
FNDA:0,onChange
FNDA:0,onChange
FNDA:0,onChange
FNDA:0,onChange
FNDA:1,CreateReactantModal
FNDA:1,fetchSpecies
FNDA:0,handleCreateReactantClick
FNDA:0,onChange
FNDA:1,CreateProductModal
FNDA:1,fetchSpecies
FNDA:0,handleCreateProductClick
FNDA:0,onChange
DA:1,1
DA:2,1
DA:3,1
DA:4,1
DA:5,1
DA:6,1
DA:7,1
DA:8,1
DA:9,1
DA:10,1
DA:11,1
DA:12,1
DA:13,1
DA:14,1
DA:15,1
DA:16,1
DA:17,1
DA:18,1
DA:19,1
DA:20,1
DA:21,1
DA:22,1
DA:23,1
DA:24,1
DA:25,1
DA:26,1
DA:27,1
DA:28,1
DA:29,1
DA:30,1
DA:31,1
DA:32,1
DA:33,1
DA:34,1
DA:35,1
DA:36,1
DA:37,1
DA:38,1
DA:39,1
DA:40,1
DA:41,1
DA:42,1
DA:43,1
DA:44,1
DA:45,1
DA:46,1
DA:47,1
DA:48,1
DA:49,1
DA:50,1
DA:51,1
DA:52,1
DA:53,1
DA:54,1
DA:55,1
DA:56,1
DA:57,1
DA:58,1
DA:59,1
DA:60,1
DA:61,1
DA:62,1
DA:63,1
DA:64,1
DA:65,1
DA:66,1
DA:67,1
DA:68,1
DA:69,1
DA:70,1
DA:71,1
DA:72,1
DA:73,1
DA:74,1
DA:75,1
DA:76,1
DA:77,1
DA:78,1
DA:79,1
DA:80,1
DA:81,1
DA:82,1
DA:83,1
DA:84,1
DA:85,1
DA:86,1
DA:87,1
DA:88,1
DA:89,1
DA:90,1
DA:91,1
DA:92,1
DA:93,1
DA:94,1
DA:95,1
DA:96,1
DA:97,1
DA:98,1
DA:99,1
DA:100,1
DA:101,1
DA:102,1
DA:103,1
DA:104,1
DA:105,1
DA:106,1
DA:107,1
DA:108,1
DA:109,1
DA:110,1
DA:111,1
DA:112,1
DA:113,1
DA:114,1
DA:115,1
DA:116,1
DA:117,1
DA:118,1
DA:119,1
DA:120,1
DA:121,1
DA:122,1
DA:123,1
DA:124,1
DA:125,1
DA:126,1
DA:127,1
DA:128,1
DA:129,1
DA:130,1
DA:131,1
DA:132,1
DA:133,1
DA:134,1
DA:135,1
DA:136,1
DA:137,1
DA:138,1
DA:139,1
DA:140,1
DA:141,1
DA:142,1
DA:143,1
DA:144,1
DA:145,1
DA:146,1
DA:147,1
DA:148,1
DA:149,1
DA:150,1
DA:151,1
DA:152,1
DA:153,1
DA:154,1
DA:155,1
DA:156,1
DA:157,1
DA:158,1
DA:159,1
DA:160,1
DA:161,1
DA:162,1
DA:163,1
DA:164,1
DA:165,1
DA:166,1
DA:167,1
DA:168,1
DA:169,1
DA:170,1
DA:171,1
DA:172,1
DA:173,1
DA:174,1
DA:175,1
DA:176,1
DA:177,1
DA:178,1
DA:179,1
DA:180,1
DA:181,1
DA:182,1
DA:183,1
DA:184,1
DA:185,1
DA:186,2
DA:187,2
DA:188,2
DA:189,2
DA:190,2
DA:191,2
DA:192,2
DA:193,0
DA:194,0
DA:195,0
DA:196,0
DA:197,0
DA:198,0
DA:199,0
DA:200,0
DA:201,0
DA:202,0
DA:203,0
DA:204,0
DA:205,0
DA:206,0
DA:207,2
DA:208,2
DA:209,2
DA:210,2
DA:211,2
DA:212,2
DA:213,2
DA:214,2
DA:215,2
DA:216,2
DA:217,2
DA:218,2
DA:219,2
DA:220,2
DA:221,2
DA:222,2
DA:223,2
DA:224,1
DA:225,1
DA:226,4
DA:227,4
DA:228,4
DA:229,4
DA:230,4
DA:231,4
DA:232,4
DA:233,4
DA:234,4
DA:235,4
DA:236,4
DA:237,4
DA:238,4
DA:239,4
DA:240,4
DA:241,4
DA:242,4
DA:243,4
DA:244,2
DA:245,2
DA:246,2
DA:247,1
DA:248,0
DA:249,0
DA:250,0
DA:251,0
DA:252,0
DA:253,2
DA:254,0
DA:255,0
DA:256,2
DA:257,2
DA:258,2
DA:259,4
DA:260,4
DA:261,4
DA:262,2
DA:263,0
DA:264,0
DA:265,0
DA:266,0
DA:267,0
DA:268,0
DA:269,0
DA:270,0
DA:271,0
DA:272,0
DA:273,0
DA:274,0
DA:275,0
DA:276,0
DA:277,0
DA:278,0
DA:279,0
DA:280,0
DA:281,0
DA:282,0
DA:283,0
DA:284,0
DA:285,2
DA:286,2
DA:287,0
DA:288,2
DA:289,2
DA:290,2
DA:291,4
DA:292,4
DA:293,4
DA:294,0
DA:295,0
DA:296,0
DA:297,0
DA:298,0
DA:299,0
DA:300,0
DA:301,0
DA:302,0
DA:303,0
DA:304,0
DA:305,0
DA:306,0
DA:307,0
DA:308,0
DA:309,0
DA:310,0
DA:311,0
DA:312,0
DA:313,0
DA:314,0
DA:315,0
DA:316,0
DA:317,0
DA:318,0
DA:319,0
DA:320,0
DA:321,0
DA:322,0
DA:323,0
DA:324,0
DA:325,0
DA:326,0
DA:327,0
DA:328,0
DA:329,4
DA:330,4
DA:331,4
DA:332,4
DA:333,4
DA:334,4
DA:335,4
DA:336,4
DA:337,4
DA:338,4
DA:339,4
DA:340,4
DA:341,4
DA:342,4
DA:343,4
DA:344,4
DA:345,4
DA:346,4
DA:347,4
DA:348,4
DA:349,4
DA:350,4
DA:351,4
DA:352,4
DA:353,0
DA:354,0
DA:355,0
DA:356,4
DA:357,4
DA:358,4
DA:359,4
DA:360,4
DA:361,4
DA:362,4
DA:363,4
DA:364,4
DA:365,4
DA:366,4
DA:367,4
DA:368,0
DA:369,0
DA:370,0
DA:371,4
DA:372,4
DA:373,4
DA:374,4
DA:375,4
DA:376,4
DA:377,4
DA:378,4
DA:379,4
DA:380,4
DA:381,4
DA:382,4
DA:383,4
DA:384,1
DA:385,1
DA:386,3
DA:387,3
DA:388,3
DA:389,3
DA:390,3
DA:391,3
DA:392,3
DA:393,3
DA:394,3
DA:395,3
DA:396,3
DA:397,3
DA:398,3
DA:399,3
DA:400,3
DA:401,0
DA:402,0
DA:403,0
DA:404,0
DA:405,0
DA:406,0
DA:407,0
DA:408,0
DA:409,0
DA:410,0
DA:411,0
DA:412,0
DA:413,0
DA:414,0
DA:415,0
DA:416,0
DA:417,0
DA:418,0
DA:419,0
DA:420,0
DA:421,0
DA:422,0
DA:423,0
DA:424,0
DA:425,0
DA:426,0
DA:427,0
DA:428,0
DA:429,0
DA:430,0
DA:431,0
DA:432,0
DA:433,0
DA:434,0
DA:435,0
DA:436,0
DA:437,0
DA:438,0
DA:439,0
DA:440,0
DA:441,0
DA:442,3
DA:443,3
DA:444,3
DA:445,3
DA:446,3
DA:447,3
DA:448,3
DA:449,3
DA:450,3
DA:451,3
DA:452,3
DA:453,3
DA:454,3
DA:455,3
DA:456,3
DA:457,3
DA:458,3
DA:459,3
DA:460,3
DA:461,3
DA:462,3
DA:463,3
DA:464,3
DA:465,3
DA:466,3
DA:467,3
DA:468,3
DA:469,3
DA:470,3
DA:471,3
DA:472,3
DA:473,3
DA:474,3
DA:475,3
DA:476,3
DA:477,3
DA:478,3
DA:479,3
DA:480,3
DA:481,3
DA:482,3
DA:483,3
DA:484,3
DA:485,3
DA:486,3
DA:487,3
DA:488,3
DA:489,3
DA:490,3
DA:491,3
DA:492,3
DA:493,3
DA:494,3
DA:495,3
DA:496,3
DA:497,3
DA:498,3
DA:499,3
DA:500,3
DA:501,3
DA:502,3
DA:503,3
DA:504,3
DA:505,3
DA:506,3
DA:507,3
DA:508,3
DA:509,3
DA:510,3
DA:511,3
DA:512,3
DA:513,3
DA:514,3
DA:515,3
DA:516,3
DA:517,3
DA:518,3
DA:519,3
DA:520,3
DA:521,3
DA:522,3
DA:523,3
DA:524,3
DA:525,3
DA:526,3
DA:527,3
DA:528,3
DA:529,3
DA:530,3
DA:531,3
DA:532,3
DA:533,3
DA:534,3
DA:535,3
DA:536,3
DA:537,3
DA:538,3
DA:539,3
DA:540,3
DA:541,3
DA:542,3
DA:543,3
DA:544,3
DA:545,3
DA:546,3
DA:547,3
DA:548,3
DA:549,3
DA:550,3
DA:551,3
DA:552,3
DA:553,3
DA:554,3
DA:555,3
DA:556,3
DA:557,3
DA:558,3
DA:559,3
DA:560,3
DA:561,3
DA:562,3
DA:563,3
DA:564,3
DA:565,3
DA:566,3
DA:567,3
DA:568,3
DA:569,3
DA:570,3
DA:571,3
DA:572,3
DA:573,3
DA:574,3
DA:575,3
DA:576,1
DA:577,1
DA:578,2
DA:579,2
DA:580,2
DA:581,2
DA:582,2
DA:583,2
DA:584,2
DA:585,2
DA:586,2
DA:587,2
DA:588,2
DA:589,2
DA:590,2
DA:591,2
DA:592,2
DA:593,2
DA:594,2
DA:595,1
DA:596,0
DA:597,0
DA:598,0
DA:599,2
DA:600,2
DA:601,2
DA:602,2
DA:603,2
DA:604,2
DA:605,2
DA:606,2
DA:607,2
DA:608,2
DA:609,2
DA:610,2
DA:611,2
DA:612,2
DA:613,2
DA:614,2
DA:615,2
DA:616,0
DA:617,0
DA:618,0
DA:619,0
DA:620,0
DA:621,0
DA:622,0
DA:623,0
DA:624,0
DA:625,0
DA:626,0
DA:627,0
DA:628,0
DA:629,0
DA:630,0
DA:631,0
DA:632,0
DA:633,0
DA:634,0
DA:635,0
DA:636,0
DA:637,0
DA:638,0
DA:639,0
DA:640,0
DA:641,0
DA:642,0
DA:643,0
DA:644,0
DA:645,0
DA:646,0
DA:647,0
DA:648,0
DA:649,0
DA:650,0
DA:651,0
DA:652,0
DA:653,2
DA:654,2
DA:655,2
DA:656,2
DA:657,2
DA:658,2
DA:659,2
DA:660,2
DA:661,2
DA:662,2
DA:663,2
DA:664,2
DA:665,2
DA:666,2
DA:667,2
DA:668,2
DA:669,2
DA:670,2
DA:671,2
DA:672,2
DA:673,2
DA:674,2
DA:675,2
DA:676,2
DA:677,2
DA:678,2
DA:679,2
DA:680,2
DA:681,2
DA:682,2
DA:683,2
DA:684,2
DA:685,2
DA:686,2
DA:687,2
DA:688,2
DA:689,2
DA:690,2
DA:691,2
DA:692,2
DA:693,2
DA:694,2
DA:695,2
DA:696,2
DA:697,2
DA:698,2
DA:699,2
DA:700,2
DA:701,2
DA:702,2
DA:703,2
DA:704,2
DA:705,2
DA:706,2
DA:707,2
DA:708,2
DA:709,2
DA:710,2
DA:711,2
DA:712,2
DA:713,2
DA:714,2
DA:715,2
DA:716,2
DA:717,2
DA:718,2
DA:719,2
DA:720,2
DA:721,2
DA:722,2
DA:723,2
DA:724,2
DA:725,2
DA:726,2
DA:727,2
DA:728,2
DA:729,2
DA:730,2
DA:731,2
DA:732,2
DA:733,2
DA:734,2
DA:735,2
DA:736,2
DA:737,2
DA:738,2
DA:739,2
DA:740,2
DA:741,2
DA:742,2
DA:743,2
DA:744,2
DA:745,2
DA:746,2
DA:747,2
DA:748,2
DA:749,2
DA:750,2
DA:751,2
DA:752,2
DA:753,2
DA:754,2
DA:755,2
DA:756,2
DA:757,2
DA:758,2
DA:759,2
DA:760,2
DA:761,2
DA:762,2
DA:763,2
DA:764,2
DA:765,2
DA:766,2
DA:767,2
DA:768,2
DA:769,2
DA:770,2
DA:771,2
DA:772,2
DA:773,2
DA:774,2
DA:775,2
DA:776,2
DA:777,2
DA:778,2
DA:779,2
DA:780,2
DA:781,2
DA:782,2
DA:783,2
DA:784,2
DA:785,2
DA:786,2
DA:787,2
DA:788,2
DA:789,2
DA:790,2
DA:791,2
DA:792,2
DA:793,2
DA:794,2
DA:795,1
DA:796,1
DA:797,4
DA:798,4
DA:799,4
DA:800,4
DA:801,4
DA:802,4
DA:803,4
DA:804,4
DA:805,4
DA:806,4
DA:807,4
DA:808,4
DA:809,4
DA:810,4
DA:811,4
DA:812,4
DA:813,4
DA:814,4
DA:815,2
DA:816,2
DA:817,2
DA:818,1
DA:819,1
DA:820,0
DA:821,0
DA:822,0
DA:823,0
DA:824,0
DA:825,0
DA:826,0
DA:827,0
DA:828,0
DA:829,0
DA:830,0
DA:831,2
DA:832,0
DA:833,0
DA:834,2
DA:835,2
DA:836,4
DA:837,4
DA:838,4
DA:839,2
DA:840,0
DA:841,0
DA:842,0
DA:843,0
DA:844,0
DA:845,0
DA:846,0
DA:847,0
DA:848,0
DA:849,0
DA:850,0
DA:851,0
DA:852,0
DA:853,0
DA:854,0
DA:855,0
DA:856,0
DA:857,0
DA:858,0
DA:859,0
DA:860,2
DA:861,2
DA:862,0
DA:863,2
DA:864,2
DA:865,2
DA:866,4
DA:867,4
DA:868,4
DA:869,0
DA:870,0
DA:871,0
DA:872,0
DA:873,0
DA:874,0
DA:875,0
DA:876,0
DA:877,0
DA:878,0
DA:879,0
DA:880,0
DA:881,0
DA:882,0
DA:883,0
DA:884,0
DA:885,0
DA:886,0
DA:887,0
DA:888,0
DA:889,0
DA:890,0
DA:891,0
DA:892,0
DA:893,0
DA:894,0
DA:895,0
DA:896,0
DA:897,0
DA:898,0
DA:899,0
DA:900,0
DA:901,0
DA:902,0
DA:903,0
DA:904,0
DA:905,0
DA:906,0
DA:907,0
DA:908,0
DA:909,0
DA:910,0
DA:911,0
DA:912,0
DA:913,0
DA:914,0
DA:915,0
DA:916,0
DA:917,0
DA:918,0
DA:919,0
DA:920,0
DA:921,0
DA:922,0
DA:923,0
DA:924,0
DA:925,0
DA:926,0
DA:927,0
DA:928,0
DA:929,0
DA:930,4
DA:931,4
DA:932,4
DA:933,4
DA:934,4
DA:935,4
DA:936,4
DA:937,4
DA:938,4
DA:939,4
DA:940,4
DA:941,4
DA:942,4
DA:943,4
DA:944,4
DA:945,4
DA:946,4
DA:947,4
DA:948,4
DA:949,4
DA:950,4
DA:951,4
DA:952,4
DA:953,4
DA:954,4
DA:955,4
DA:956,4
DA:957,4
DA:958,4
DA:959,4
DA:960,4
DA:961,4
DA:962,4
DA:963,4
DA:964,4
DA:965,4
DA:966,0
DA:967,4
DA:968,4
DA:969,4
DA:970,4
DA:971,4
DA:972,4
DA:973,4
DA:974,4
DA:975,4
DA:976,4
DA:977,4
DA:978,4
DA:979,4
DA:980,0
DA:981,0
DA:982,0
DA:983,0
DA:984,0
DA:985,0
DA:986,0
DA:987,0
DA:988,0
DA:989,0
DA:990,0
DA:991,0
DA:992,0
DA:993,0
DA:994,0
DA:995,0
DA:996,0
DA:997,0
DA:998,0
DA:999,0
DA:1000,4
DA:1001,4
DA:1002,4
DA:1003,4
DA:1004,4
DA:1005,4
DA:1006,4
DA:1007,4
DA:1008,4
DA:1009,4
DA:1010,4
DA:1011,4
DA:1012,4
DA:1013,4
DA:1014,4
DA:1015,4
DA:1016,4
DA:1017,1
DA:1018,1
DA:1019,2
DA:1020,2
DA:1021,2
DA:1022,2
DA:1023,2
DA:1024,2
DA:1025,2
DA:1026,2
DA:1027,2
DA:1028,2
DA:1029,2
DA:1030,2
DA:1031,2
DA:1032,2
DA:1033,2
DA:1034,2
DA:1035,2
DA:1036,2
DA:1037,2
DA:1038,2
DA:1039,2
DA:1040,1
DA:1041,1
DA:1042,1
DA:1043,0
DA:1044,0
DA:1045,0
DA:1046,0
DA:1047,0
DA:1048,0
DA:1049,0
DA:1050,0
DA:1051,0
DA:1052,0
DA:1053,0
DA:1054,0
DA:1055,0
DA:1056,0
DA:1057,0
DA:1058,0
DA:1059,0
DA:1060,0
DA:1061,0
DA:1062,0
DA:1063,0
DA:1064,0
DA:1065,0
DA:1066,0
DA:1067,0
DA:1068,0
DA:1069,0
DA:1070,0
DA:1071,0
DA:1072,0
DA:1073,0
DA:1074,0
DA:1075,0
DA:1076,0
DA:1077,0
DA:1078,0
DA:1079,0
DA:1080,0
DA:1081,0
DA:1082,0
DA:1083,0
DA:1084,0
DA:1085,1
DA:1086,0
DA:1087,0
DA:1088,1
DA:1089,1
DA:1090,2
DA:1091,2
DA:1092,2
DA:1093,1
DA:1094,0
DA:1095,0
DA:1096,0
DA:1097,0
DA:1098,0
DA:1099,0
DA:1100,0
DA:1101,0
DA:1102,0
DA:1103,0
DA:1104,0
DA:1105,0
DA:1106,0
DA:1107,0
DA:1108,0
DA:1109,0
DA:1110,0
DA:1111,0
DA:1112,0
DA:1113,0
DA:1114,1
DA:1115,1
DA:1116,0
DA:1117,1
DA:1118,1
DA:1119,1
DA:1120,2
DA:1121,2
DA:1122,2
DA:1123,0
DA:1124,0
DA:1125,0
DA:1126,0
DA:1127,0
DA:1128,0
DA:1129,0
DA:1130,0
DA:1131,0
DA:1132,0
DA:1133,0
DA:1134,0
DA:1135,0
DA:1136,0
DA:1137,0
DA:1138,0
DA:1139,0
DA:1140,0
DA:1141,0
DA:1142,0
DA:1143,0
DA:1144,0
DA:1145,0
DA:1146,0
DA:1147,0
DA:1148,0
DA:1149,0
DA:1150,0
DA:1151,0
DA:1152,0
DA:1153,0
DA:1154,0
DA:1155,0
DA:1156,0
DA:1157,0
DA:1158,0
DA:1159,0
DA:1160,0
DA:1161,0
DA:1162,0
DA:1163,2
DA:1164,2
DA:1165,2
DA:1166,2
DA:1167,2
DA:1168,2
DA:1169,2
DA:1170,2
DA:1171,2
DA:1172,2
DA:1173,2
DA:1174,2
DA:1175,2
DA:1176,2
DA:1177,2
DA:1178,2
DA:1179,2
DA:1180,2
DA:1181,2
DA:1182,2
DA:1183,2
DA:1184,2
DA:1185,2
DA:1186,2
DA:1187,2
DA:1188,2
DA:1189,2
DA:1190,2
DA:1191,2
DA:1192,2
DA:1193,2
DA:1194,2
DA:1195,2
DA:1196,2
DA:1197,2
DA:1198,2
DA:1199,2
DA:1200,0
DA:1201,0
DA:1202,0
DA:1203,2
DA:1204,2
DA:1205,2
DA:1206,2
DA:1207,2
DA:1208,2
DA:1209,2
DA:1210,2
DA:1211,2
DA:1212,0
DA:1213,0
DA:1214,0
DA:1215,2
DA:1216,2
DA:1217,2
DA:1218,2
DA:1219,0
DA:1220,0
DA:1221,0
DA:1222,0
DA:1223,0
DA:1224,0
DA:1225,0
DA:1226,0
DA:1227,0
DA:1228,0
DA:1229,0
DA:1230,0
DA:1231,0
DA:1232,0
DA:1233,0
DA:1234,0
DA:1235,0
DA:1236,0
DA:1237,0
DA:1238,0
DA:1239,2
DA:1240,2
DA:1241,2
DA:1242,2
DA:1243,2
DA:1244,2
DA:1245,2
DA:1246,2
DA:1247,2
DA:1248,2
DA:1249,2
DA:1250,2
DA:1251,2
DA:1252,2
DA:1253,2
DA:1254,2
DA:1255,2
DA:1256,1
DA:1257,1
DA:1258,1
DA:1259,1
DA:1260,1
DA:1261,1
DA:1262,1
DA:1263,1
DA:1264,1
DA:1265,1
DA:1266,1
DA:1267,1
DA:1268,1
DA:1269,1
DA:1270,1
DA:1271,1
DA:1272,1
DA:1273,1
DA:1274,1
DA:1275,1
DA:1276,0
DA:1277,0
DA:1278,1
DA:1279,0
DA:1280,0
DA:1281,1
DA:1282,1
DA:1283,1
DA:1284,1
DA:1285,1
DA:1286,1
DA:1287,1
DA:1288,1
DA:1289,1
DA:1290,1
DA:1291,0
DA:1292,0
DA:1293,0
DA:1294,0
DA:1295,0
DA:1296,0
DA:1297,0
DA:1298,0
DA:1299,0
DA:1300,0
DA:1301,0
DA:1302,0
DA:1303,0
DA:1304,0
DA:1305,0
DA:1306,0
DA:1307,0
DA:1308,0
DA:1309,0
DA:1310,0
DA:1311,0
DA:1312,0
DA:1313,0
DA:1314,0
DA:1315,0
DA:1316,0
DA:1317,0
DA:1318,0
DA:1319,0
DA:1320,0
DA:1321,1
DA:1322,1
DA:1323,1
DA:1324,1
DA:1325,1
DA:1326,1
DA:1327,1
DA:1328,1
DA:1329,1
DA:1330,1
DA:1331,1
DA:1332,1
DA:1333,1
DA:1334,0
DA:1335,0
DA:1336,0
DA:1337,1
DA:1338,1
DA:1339,1
DA:1340,1
DA:1341,1
DA:1342,1
DA:1343,1
DA:1344,1
DA:1345,1
DA:1346,1
DA:1347,1
DA:1348,1
DA:1349,1
DA:1350,1
DA:1351,1
DA:1352,1
DA:1353,1
DA:1354,1
DA:1355,1
DA:1356,1
DA:1357,1
DA:1358,1
DA:1359,1
DA:1360,1
DA:1361,1
DA:1362,1
DA:1363,1
DA:1364,1
DA:1365,1
DA:1366,1
DA:1367,1
DA:1368,1
DA:1369,1
DA:1370,1
DA:1371,1
DA:1372,1
DA:1373,0
DA:1374,0
DA:1375,1
DA:1376,0
DA:1377,0
DA:1378,1
DA:1379,1
DA:1380,1
DA:1381,1
DA:1382,1
DA:1383,1
DA:1384,1
DA:1385,1
DA:1386,1
DA:1387,1
DA:1388,0
DA:1389,0
DA:1390,0
DA:1391,0
DA:1392,0
DA:1393,0
DA:1394,0
DA:1395,0
DA:1396,0
DA:1397,0
DA:1398,0
DA:1399,0
DA:1400,0
DA:1401,0
DA:1402,0
DA:1403,0
DA:1404,0
DA:1405,0
DA:1406,0
DA:1407,0
DA:1408,0
DA:1409,0
DA:1410,0
DA:1411,0
DA:1412,0
DA:1413,0
DA:1414,0
DA:1415,0
DA:1416,0
DA:1417,1
DA:1418,1
DA:1419,1
DA:1420,1
DA:1421,1
DA:1422,1
DA:1423,1
DA:1424,1
DA:1425,1
DA:1426,1
DA:1427,1
DA:1428,1
DA:1429,1
DA:1430,0
DA:1431,0
DA:1432,0
DA:1433,1
DA:1434,1
DA:1435,1
DA:1436,1
DA:1437,1
DA:1438,1
DA:1439,1
DA:1440,1
DA:1441,1
DA:1442,1
DA:1443,1
DA:1444,1
DA:1445,1
DA:1446,1
DA:1447,1
DA:1448,1
LF:1448
LH:962
BRDA:146,0,0,1
BRDA:159,1,0,1
BRDA:172,2,0,1
BRDA:185,3,0,2
BRDA:225,4,0,4
BRDA:243,5,0,2
BRDA:244,6,0,2
BRDA:246,7,0,1
BRDA:247,8,0,0
BRDA:253,9,0,0
BRDA:261,10,0,2
BRDA:286,11,0,0
BRDA:385,12,0,3
BRDA:577,13,0,2
BRDA:589,14,0,0
BRDA:591,15,0,0
BRDA:603,16,0,0
BRDA:606,17,0,0
BRDA:609,18,0,0
BRDA:612,19,0,0
BRDA:594,20,0,1
BRDA:595,21,0,0
BRDA:796,22,0,4
BRDA:979,23,0,0
BRDA:814,24,0,2
BRDA:815,25,0,2
BRDA:817,26,0,1
BRDA:817,27,0,1
BRDA:819,28,0,0
BRDA:831,29,0,0
BRDA:838,30,0,2
BRDA:861,31,0,0
BRDA:1018,32,0,2
BRDA:1218,33,0,0
BRDA:1039,34,0,1
BRDA:1040,35,0,1
BRDA:1042,36,0,0
BRDA:1042,37,0,0
BRDA:1042,38,0,0
BRDA:1085,39,0,0
BRDA:1092,40,0,1
BRDA:1115,41,0,0
BRDA:1257,42,0,1
BRDA:1271,43,0,1
BRDA:1272,44,0,1
BRDA:1275,45,0,0
BRDA:1278,46,0,0
BRDA:1286,47,0,1
BRDA:1354,48,0,1
BRDA:1368,49,0,1
BRDA:1369,50,0,1
BRDA:1372,51,0,0
BRDA:1375,52,0,0
BRDA:1383,53,0,1
BRF:54
BRH:30
end_of_record
TN:
SF:src\components\NavDropDown.tsx
FN:9,NavDropDown
FNF:1
FNH:0
FNDA:0,NavDropDown
DA:1,1
DA:2,1
DA:3,1
DA:4,1
DA:5,1
DA:6,1
DA:7,1
DA:8,1
DA:9,1
DA:10,0
DA:11,0
DA:12,0
DA:13,0
DA:14,0
DA:15,0
DA:16,0
DA:17,0
DA:18,0
DA:19,0
DA:20,0
DA:21,0
DA:22,0
DA:23,0
DA:24,0
DA:25,0
DA:26,0
DA:27,0
DA:28,0
DA:29,0
DA:30,0
DA:31,0
DA:32,0
DA:33,0
DA:34,0
DA:35,0
DA:36,0
DA:37,0
DA:38,0
DA:39,0
DA:40,0
DA:41,0
DA:42,0
DA:43,0
DA:44,0
DA:45,0
DA:46,0
DA:47,0
DA:48,0
DA:49,0
DA:50,0
DA:51,0
DA:52,0
DA:53,1
DA:54,1
LF:54
LH:11
BRF:0
BRH:0
end_of_record
TN:
SF:src\components\ProtectedRoute.tsx
FN:9,ProtectedRoute
FNF:1
FNH:0
FNDA:0,ProtectedRoute
DA:1,1
DA:2,1
DA:3,1
DA:4,1
DA:5,1
DA:6,1
DA:7,1
DA:8,1
DA:9,1
DA:10,0
DA:11,0
DA:12,0
DA:13,0
DA:14,0
DA:15,0
DA:16,0
DA:17,0
DA:18,0
DA:19,0
DA:20,0
DA:21,0
DA:22,0
DA:23,0
DA:24,1
DA:25,1
LF:25
LH:11
BRF:0
BRH:0
end_of_record
TN:
SF:src\components\RenderFamilyTree.tsx
FN:69,RenderFamilyTree
FN:95,handlePopOverClose
FN:101,fetchData
FN:131,handleDownloadClick
FN:158,handlePopOverClick
FN:166,handleItemExpansionToggle
FN:180,handleFamilyDelete
FN:185,handleMechanismDelete
FNF:8
FNH:2
FNDA:4,RenderFamilyTree
FNDA:0,handlePopOverClose
FNDA:4,fetchData
FNDA:0,handleDownloadClick
FNDA:0,handlePopOverClick
FNDA:0,handleItemExpansionToggle
FNDA:0,handleFamilyDelete
FNDA:0,handleMechanismDelete
DA:1,1
DA:2,1
DA:3,1
DA:4,1
DA:5,1
DA:6,1
DA:7,1
DA:8,1
DA:9,1
DA:10,1
DA:11,1
DA:12,1
DA:13,1
DA:14,1
DA:15,1
DA:16,1
DA:17,1
DA:18,1
DA:19,1
DA:20,1
DA:21,1
DA:22,1
DA:23,1
DA:24,1
DA:25,1
DA:26,1
DA:27,1
DA:28,1
DA:29,1
DA:30,1
DA:31,1
DA:32,1
DA:33,1
DA:34,1
DA:35,1
DA:36,1
DA:37,1
DA:38,1
DA:39,1
DA:40,1
DA:41,1
DA:42,1
DA:43,1
DA:44,1
DA:45,1
DA:46,1
DA:47,1
DA:48,1
DA:49,1
DA:50,1
DA:51,1
DA:52,1
DA:53,1
DA:54,1
DA:55,1
DA:56,1
DA:57,1
DA:58,1
DA:59,1
DA:60,1
DA:61,1
DA:62,1
DA:63,1
DA:64,1
DA:65,1
DA:66,1
DA:67,1
DA:68,1
DA:69,1
DA:70,4
DA:71,4
DA:72,4
DA:73,4
DA:74,4
DA:75,4
DA:76,4
DA:77,4
DA:78,4
DA:79,4
DA:80,4
DA:81,4
DA:82,4
DA:83,4
DA:84,4
DA:85,4
DA:86,4
DA:87,4
DA:88,4
DA:89,4
DA:90,4
DA:91,4
DA:92,4
DA:93,4
DA:94,4
DA:95,4
DA:96,0
DA:97,0
DA:98,4
DA:99,4
DA:100,4
DA:101,4
DA:102,4
DA:103,4
DA:104,0
DA:105,0
DA:106,0
DA:107,0
DA:108,0
DA:109,0
DA:110,0
DA:111,0
DA:112,0
DA:113,0
DA:114,0
DA:115,0
DA:116,0
DA:117,0
DA:118,0
DA:119,0
DA:120,0
DA:121,0
DA:122,0
DA:123,0
DA:124,0
DA:125,0
DA:126,4
DA:127,4
DA:128,4
DA:129,4
DA:130,4
DA:131,4
DA:132,0
DA:133,0
DA:134,0
DA:135,0
DA:136,0
DA:137,0
DA:138,0
DA:139,0
DA:140,0
DA:141,0
DA:142,0
DA:143,0
DA:144,0
DA:145,0
DA:146,0
DA:147,0
DA:148,0
DA:149,0
DA:150,0
DA:151,0
DA:152,0
DA:153,0
DA:154,0
DA:155,0
DA:156,0
DA:157,4
DA:158,4
DA:159,0
DA:160,0
DA:161,0
DA:162,0
DA:163,0
DA:164,0
DA:165,4
DA:166,4
DA:167,0
DA:168,0
DA:169,0
DA:170,0
DA:171,0
DA:172,0
DA:173,0
DA:174,0
DA:175,0
DA:176,0
DA:177,0
DA:178,0
DA:179,4
DA:180,4
DA:181,0
DA:182,0
DA:183,0
DA:184,4
DA:185,4
DA:186,0
DA:187,0
DA:188,0
DA:189,4
DA:190,4
DA:191,4
DA:192,4
DA:193,4
DA:194,0
DA:195,0
DA:196,0
DA:197,0
DA:198,0
DA:199,0
DA:200,0
DA:201,0
DA:202,0
DA:203,0
DA:204,0
DA:205,0
DA:206,0
DA:207,0
DA:208,0
DA:209,0
DA:210,0
DA:211,0
DA:212,0
DA:213,0
DA:214,0
DA:215,0
DA:216,0
DA:217,0
DA:218,0
DA:219,0
DA:220,0
DA:221,0
DA:222,0
DA:223,0
DA:224,0
DA:225,0
DA:226,0
DA:227,0
DA:228,0
DA:229,0
DA:230,0
DA:231,0
DA:232,0
DA:233,0
DA:234,0
DA:235,0
DA:236,0
DA:237,0
DA:238,0
DA:239,0
DA:240,0
DA:241,0
DA:242,0
DA:243,0
DA:244,0
DA:245,0
DA:246,0
DA:247,0
DA:248,0
DA:249,0
DA:250,0
DA:251,0
DA:252,0
DA:253,0
DA:254,0
DA:255,0
DA:256,0
DA:257,0
DA:258,0
DA:259,0
DA:260,0
DA:261,0
DA:262,0
DA:263,0
DA:264,0
DA:265,0
DA:266,0
DA:267,0
DA:268,0
DA:269,0
DA:270,0
DA:271,0
DA:272,0
DA:273,0
DA:274,0
DA:275,0
DA:276,0
DA:277,0
DA:278,0
DA:279,0
DA:280,0
DA:281,0
DA:282,0
DA:283,0
DA:284,0
DA:285,0
DA:286,0
DA:287,0
DA:288,0
DA:289,0
DA:290,0
DA:291,0
DA:292,0
DA:293,0
DA:294,0
DA:295,0
DA:296,0
DA:297,0
DA:298,0
DA:299,0
DA:300,0
DA:301,0
DA:302,0
DA:303,0
DA:304,0
DA:305,0
DA:306,0
DA:307,0
DA:308,0
DA:309,0
DA:310,0
DA:311,0
DA:312,0
DA:313,0
DA:314,0
DA:315,0
DA:316,0
DA:317,0
DA:318,0
DA:319,0
DA:320,0
DA:321,0
DA:322,0
DA:323,0
DA:324,0
DA:325,0
DA:326,0
DA:327,0
DA:328,0
DA:329,0
DA:330,0
DA:331,0
DA:332,0
DA:333,0
DA:334,0
DA:335,0
DA:336,0
DA:337,0
DA:338,0
DA:339,0
DA:340,0
DA:341,0
DA:342,0
DA:343,0
DA:344,0
DA:345,0
DA:346,0
DA:347,0
DA:348,0
DA:349,0
DA:350,0
DA:351,0
DA:352,0
DA:353,0
DA:354,0
DA:355,0
DA:356,0
DA:357,0
DA:358,0
DA:359,0
DA:360,0
DA:361,0
DA:362,4
DA:363,4
DA:364,4
DA:365,4
DA:366,1
DA:367,1
LF:367
LH:126
BRDA:69,0,0,4
BRDA:193,1,0,0
BRDA:100,2,0,4
BRDA:101,3,0,4
BRDA:103,4,0,0
BRF:5
BRH:3
end_of_record
TN:
SF:src\components\RenderSpeciesReactionTable.tsx
FN:51,RenderSpeciesReactionTable
FN:57,handleCreateSpeciesOpen
FN:58,handleCreateSpeciesClose
FN:61,handleCreateReactionOpen
FN:62,handleCreateReactionClose
FN:82,handleEditPropertiesOpen
FN:83,handleEditPropertiesClose
FN:86,handleEditReactionOpen
FN:87,handleEditReactionClose
FN:94,handleSpeciesDeleteClick
FN:108,handleReactionDeleteClick
FN:123,handleTabSwitch
FN:127,handleSpeciesCellClick
FN:150,handleReactionCellClick
FN:157,fetchData
FN:196,createSpeciesColumns
FN:202,renderCell
FN:210,renderCell
FN:218,renderCell
FN:230,renderCell
FN:242,renderCell
FN:254,renderCell
FN:269,getActions
FN:285,rowifySpecies
FN:330,renderCell
FN:338,renderCell
FN:349,getActions
FN:362,rowifyReactions
FN:399,FamilyReactionToolbar
FN:461,zIndex
FN:469,getRowId
FN:475,toolbar
FN:499,getRowId
FN:511,toolbar
FNF:34
FNH:6
FNDA:2,RenderSpeciesReactionTable
FNDA:0,handleCreateSpeciesOpen
FNDA:0,handleCreateSpeciesClose
FNDA:0,handleCreateReactionOpen
FNDA:0,handleCreateReactionClose
FNDA:0,handleEditPropertiesOpen
FNDA:0,handleEditPropertiesClose
FNDA:0,handleEditReactionOpen
FNDA:0,handleEditReactionClose
FNDA:0,handleSpeciesDeleteClick
FNDA:0,handleReactionDeleteClick
FNDA:0,handleTabSwitch
FNDA:0,handleSpeciesCellClick
FNDA:0,handleReactionCellClick
FNDA:1,fetchData
FNDA:2,createSpeciesColumns
FNDA:0,renderCell
FNDA:0,renderCell
FNDA:0,renderCell
FNDA:0,renderCell
FNDA:0,renderCell
FNDA:0,renderCell
FNDA:0,getActions
FNDA:0,rowifySpecies
FNDA:0,renderCell
FNDA:0,renderCell
FNDA:0,getActions
FNDA:0,rowifyReactions
FNDA:6,FamilyReactionToolbar
FNDA:2,zIndex
FNDA:0,getRowId
FNDA:6,toolbar
FNDA:0,getRowId
FNDA:0,toolbar
DA:1,1
DA:2,1
DA:3,1
DA:4,1
DA:5,1
DA:6,1
DA:7,1
DA:8,1
DA:9,1
DA:10,1
DA:11,1
DA:12,1
DA:13,1
DA:14,1
DA:15,1
DA:16,1
DA:17,1
DA:18,1
DA:19,1
DA:20,1
DA:21,1
DA:22,1
DA:23,1
DA:24,1
DA:25,1
DA:26,1
DA:27,1
DA:28,1
DA:29,1
DA:30,1
DA:31,1
DA:32,1
DA:33,1
DA:34,1
DA:35,1
DA:36,1
DA:37,1
DA:38,1
DA:39,1
DA:40,1
DA:41,1
DA:42,1
DA:43,1
DA:44,1
DA:45,1
DA:46,1
DA:47,1
DA:48,1
DA:49,1
DA:50,1
DA:51,1
DA:52,2
DA:53,2
DA:54,2
DA:55,2
DA:56,2
DA:57,2
DA:58,2
DA:59,2
DA:60,2
DA:61,2
DA:62,2
DA:63,2
DA:64,2
DA:65,2
DA:66,2
DA:67,2
DA:68,2
DA:69,2
DA:70,2
DA:71,2
DA:72,2
DA:73,2
DA:74,2
DA:75,2
DA:76,2
DA:77,2
DA:78,2
DA:79,2
DA:80,2
DA:81,2
DA:82,2
DA:83,2
DA:84,2
DA:85,2
DA:86,2
DA:87,2
DA:88,2
DA:89,2
DA:90,2
DA:91,2
DA:92,2
DA:93,2
DA:94,2
DA:95,0
DA:96,0
DA:97,0
DA:98,0
DA:99,0
DA:100,0
DA:101,0
DA:102,0
DA:103,0
DA:104,0
DA:105,0
DA:106,0
DA:107,2
DA:108,2
DA:109,0
DA:110,0
DA:111,0
DA:112,0
DA:113,0
DA:114,0
DA:115,0
DA:116,0
DA:117,0
DA:118,0
DA:119,0
DA:120,0
DA:121,2
DA:122,2
DA:123,2
DA:124,0
DA:125,0
DA:126,2
DA:127,2
DA:128,0
DA:129,0
DA:130,0
DA:131,0
DA:132,0
DA:133,0
DA:134,0
DA:135,0
DA:136,0
DA:137,0
DA:138,0
DA:139,0
DA:140,0
DA:141,0
DA:142,0
DA:143,0
DA:144,0
DA:145,0
DA:146,0
DA:147,0
DA:148,0
DA:149,2
DA:150,2
DA:151,0
DA:152,0
DA:153,0
DA:154,0
DA:155,2
DA:156,2
DA:157,1
DA:158,1
DA:159,0
DA:160,0
DA:161,0
DA:162,0
DA:163,0
DA:164,0
DA:165,0
DA:166,0
DA:167,0
DA:168,0
DA:169,0
DA:170,0
DA:171,0
DA:172,0
DA:173,0
DA:174,0
DA:175,0
DA:176,0
DA:177,0
DA:178,0
DA:179,0
DA:180,0
DA:181,0
DA:182,1
DA:183,1
DA:184,1
DA:185,1
DA:186,1
DA:187,1
DA:188,2
DA:189,2
DA:190,2
DA:191,2
DA:192,2
DA:193,2
DA:194,2
DA:195,2
DA:196,2
DA:197,2
DA:198,2
DA:199,2
DA:200,2
DA:201,2
DA:202,2
DA:203,0
DA:204,2
DA:205,2
DA:206,2
DA:207,2
DA:208,2
DA:209,2
DA:210,2
DA:211,0
DA:212,2
DA:213,2
DA:214,2
DA:215,2
DA:216,2
DA:217,2
DA:218,2
DA:219,0
DA:220,0
DA:221,0
DA:222,0
DA:223,0
DA:224,2
DA:225,2
DA:226,2
DA:227,2
DA:228,2
DA:229,2
DA:230,2
DA:231,0
DA:232,0
DA:233,0
DA:234,0
DA:235,0
DA:236,2
DA:237,2
DA:238,2
DA:239,2
DA:240,2
DA:241,2
DA:242,2
DA:243,0
DA:244,0
DA:245,0
DA:246,0
DA:247,0
DA:248,2
DA:249,2
DA:250,2
DA:251,2
DA:252,2
DA:253,2
DA:254,2
DA:255,0
DA:256,0
DA:257,0
DA:258,0
DA:259,0
DA:260,2
DA:261,2
DA:262,2
DA:263,2
DA:264,2
DA:265,2
DA:266,2
DA:267,2
DA:268,2
DA:269,2
DA:270,0
DA:271,0
DA:272,0
DA:273,0
DA:274,0
DA:275,0
DA:276,0
DA:277,0
DA:278,0
DA:279,2
DA:280,2
DA:281,2
DA:282,2
DA:283,2
DA:284,2
DA:285,2
DA:286,0
DA:287,0
DA:288,0
DA:289,0
DA:290,0
DA:291,0
DA:292,0
DA:293,0
DA:294,0
DA:295,0
DA:296,0
DA:297,0
DA:298,0
DA:299,0
DA:300,0
DA:301,0
DA:302,0
DA:303,0
DA:304,0
DA:305,0
DA:306,0
DA:307,0
DA:308,0
DA:309,0
DA:310,0
DA:311,0
DA:312,0
DA:313,0
DA:314,0
DA:315,0
DA:316,0
DA:317,0
DA:318,0
DA:319,0
DA:320,0
DA:321,0
DA:322,0
DA:323,0
DA:324,2
DA:325,2
DA:326,2
DA:327,2
DA:328,2
DA:329,2
DA:330,2
DA:331,0
DA:332,2
DA:333,2
DA:334,2
DA:335,2
DA:336,2
DA:337,2
DA:338,2
DA:339,0
DA:340,2
DA:341,2
DA:342,2
DA:343,2
DA:344,2
DA:345,2
DA:346,2
DA:347,2
DA:348,2
DA:349,2
DA:350,0
DA:351,0
DA:352,0
DA:353,0
DA:354,0
DA:355,0
DA:356,0
DA:357,0
DA:358,0
DA:359,2
DA:360,2
DA:361,2
DA:362,2
DA:363,0
DA:364,0
DA:365,0
DA:366,0
DA:367,0
DA:368,0
DA:369,0
DA:370,0
DA:371,0
DA:372,0
DA:373,0
DA:374,0
DA:375,0
DA:376,0
DA:377,0
DA:378,0
DA:379,0
DA:380,0
DA:381,0
DA:382,0
DA:383,0
DA:384,0
DA:385,0
DA:386,0
DA:387,0
DA:388,0
DA:389,0
DA:390,0
DA:391,0
DA:392,0
DA:393,0
DA:394,0
DA:395,0
DA:396,0
DA:397,2
DA:398,2
DA:399,2
DA:400,6
DA:401,6
DA:402,6
DA:403,6
DA:404,6
DA:405,6
DA:406,6
DA:407,6
DA:408,6
DA:409,6
DA:410,6
DA:411,6
DA:412,6
DA:413,6
DA:414,6
DA:415,2
DA:416,2
DA:417,2
DA:418,2
DA:419,2
DA:420,2
DA:421,2
DA:422,2
DA:423,2
DA:424,2
DA:425,2
DA:426,2
DA:427,2
DA:428,2
DA:429,2
DA:430,2
DA:431,2
DA:432,2
DA:433,2
DA:434,2
DA:435,2
DA:436,2
DA:437,2
DA:438,2
DA:439,2
DA:440,2
DA:441,2
DA:442,2
DA:443,2
DA:444,2
DA:445,2
DA:446,2
DA:447,2
DA:448,2
DA:449,2
DA:450,2
DA:451,2
DA:452,2
DA:453,2
DA:454,2
DA:455,2
DA:456,2
DA:457,2
DA:458,2
DA:459,2
DA:460,2
DA:461,2
DA:462,2
DA:463,2
DA:464,2
DA:465,2
DA:466,2
DA:467,2
DA:468,2
DA:469,2
DA:470,2
DA:471,2
DA:472,2
DA:473,2
DA:474,2
DA:475,2
DA:476,6
DA:477,2
DA:478,2
DA:479,2
DA:480,2
DA:481,2
DA:482,2
DA:483,2
DA:484,2
DA:485,2
DA:486,2
DA:487,2
DA:488,2
DA:489,2
DA:490,2
DA:491,2
DA:492,2
DA:493,2
DA:494,0
DA:495,0
DA:496,0
DA:497,0
DA:498,0
DA:499,0
DA:500,0
DA:501,0
DA:502,0
DA:503,0
DA:504,0
DA:505,0
DA:506,0
DA:507,0
DA:508,0
DA:509,0
DA:510,0
DA:511,0
DA:512,0
DA:513,0
DA:514,0
DA:515,0
DA:516,0
DA:517,0
DA:518,0
DA:519,0
DA:520,0
DA:521,0
DA:522,0
DA:523,0
DA:524,0
DA:525,0
DA:526,0
DA:527,0
DA:528,2
DA:529,2
DA:530,2
DA:531,2
DA:532,2
DA:533,2
DA:534,2
DA:535,2
DA:536,2
DA:537,2
DA:538,2
DA:539,2
DA:540,2
DA:541,2
DA:542,2
DA:543,2
DA:544,2
DA:545,2
DA:546,2
DA:547,2
DA:548,2
DA:549,2
DA:550,2
DA:551,2
DA:552,2
DA:553,2
DA:554,2
DA:555,2
DA:556,2
DA:557,2
DA:558,2
DA:559,2
DA:560,2
DA:561,2
DA:562,2
DA:563,2
DA:564,2
DA:565,2
DA:566,2
DA:567,2
DA:568,2
DA:569,1
DA:570,1
LF:570
LH:348
BRDA:51,0,0,2
BRDA:421,1,0,0
BRDA:432,2,0,0
BRDA:493,3,0,0
BRDA:156,4,0,1
BRDA:157,5,0,1
BRDA:158,6,0,0
BRDA:196,7,0,2
BRDA:399,8,0,6
BRDA:461,9,0,2
BRDA:475,10,0,6
BRF:11
BRH:7
end_of_record
TN:
SF:src\pages\App.tsx
FN:13,App
FNF:1
FNH:1
FNDA:6,App
DA:1,1
DA:2,1
DA:3,1
DA:4,1
DA:5,1
DA:6,1
DA:7,1
DA:8,1
DA:9,1
DA:10,1
DA:11,1
DA:12,1
DA:13,6
DA:14,6
DA:15,6
DA:16,6
DA:17,6
DA:18,6
DA:19,6
DA:20,6
DA:21,6
DA:22,6
DA:23,6
DA:24,6
DA:25,6
DA:26,6
DA:27,6
DA:28,6
DA:29,6
DA:30,6
DA:31,6
DA:32,6
DA:33,6
DA:34,6
DA:35,6
DA:36,6
DA:37,6
DA:38,6
DA:39,6
DA:40,1
DA:41,1
LF:41
LH:41
BRDA:13,0,0,6
BRF:1
BRH:1
end_of_record
TN:
SF:src\pages\AuthContext.tsx
FN:20,AuthProvider
FN:44,useAuth
FNF:2
FNH:2
FNDA:6,AuthProvider
FNDA:6,useAuth
DA:1,1
DA:2,1
DA:3,1
DA:4,1
DA:5,1
DA:6,1
DA:7,1
DA:8,1
DA:9,1
DA:10,1
DA:11,1
DA:12,1
DA:13,1
DA:14,1
DA:15,1
DA:16,1
DA:17,1
DA:18,1
DA:19,1
DA:20,1
DA:21,6
DA:22,6
DA:23,6
DA:24,6
DA:25,6
DA:26,6
DA:27,6
DA:28,6
DA:29,6
DA:30,0
DA:31,6
DA:32,6
DA:33,6
DA:34,6
DA:35,6
DA:36,6
DA:37,6
DA:38,6
DA:39,6
DA:40,6
DA:41,6
DA:42,1
DA:43,1
DA:44,1
DA:45,6
DA:46,6
DA:47,0
DA:48,0
DA:49,6
DA:50,6
LF:50
LH:47
BRDA:20,0,0,6
BRDA:21,1,0,6
BRDA:24,2,0,0
BRDA:27,3,0,6
BRDA:29,4,0,0
BRDA:44,5,0,6
BRDA:46,6,0,0
BRF:7
BRH:4
end_of_record
TN:
SF:src\pages\RoleManagement.tsx
FN:30,RolesToolbar
FN:43,RoleManagement
FN:65,fetchUsers
FN:99,handleRowEditStop
FN:108,handleEditClick
FN:112,handleSaveClick
FN:116,handleDeleteClick
FN:128,handleCancelClick
FN:137,processRowUpdate
FN:150,handleRowModesModelChange
FN:183,getActions
FN:236,getRowId
FN:242,onProcessRowUpdateError
FNF:13
FNH:7
FNDA:19,RolesToolbar
FNDA:12,RoleManagement
FNDA:6,fetchUsers
FNDA:0,handleRowEditStop
FNDA:20,handleEditClick
FNDA:0,handleSaveClick
FNDA:20,handleDeleteClick
FNDA:0,handleCancelClick
FNDA:0,processRowUpdate
FNDA:0,handleRowModesModelChange
FNDA:20,getActions
FNDA:40,getRowId
FNDA:0,onProcessRowUpdateError
DA:1,1
DA:2,1
DA:3,1
DA:4,1
DA:5,1
DA:6,1
DA:7,1
DA:8,1
DA:9,1
DA:10,1
DA:11,1
DA:12,1
DA:13,1
DA:14,1
DA:15,1
DA:16,1
DA:17,1
DA:18,1
DA:19,1
DA:20,1
DA:21,1
DA:22,1
DA:23,1
DA:24,1
DA:25,1
DA:26,1
DA:27,1
DA:28,1
DA:29,1
DA:30,19
DA:31,19
DA:32,19
DA:33,19
DA:34,19
DA:35,19
DA:36,19
DA:37,19
DA:38,19
DA:39,19
DA:40,19
DA:41,19
DA:42,1
DA:43,1
DA:44,12
DA:45,12
DA:46,12
DA:47,12
DA:48,12
DA:49,12
DA:50,12
DA:51,12
DA:52,12
DA:53,12
DA:54,12
DA:55,12
DA:56,12
DA:57,12
DA:58,12
DA:59,12
DA:60,12
DA:61,12
DA:62,11
DA:63,12
DA:64,12
DA:65,6
DA:66,6
DA:67,6
DA:68,5
DA:69,5
DA:70,5
DA:71,5
DA:72,10
DA:73,10
DA:74,10
DA:75,10
DA:76,10
DA:77,5
DA:78,5
DA:79,5
DA:80,6
DA:81,1
DA:82,1
DA:83,6
DA:84,6
DA:85,6
DA:86,6
DA:87,6
DA:88,12
DA:89,12
DA:90,12
DA:91,6
DA:92,6
DA:93,6
DA:94,12
DA:95,1
DA:96,1
DA:97,5
DA:98,5
DA:99,5
DA:100,0
DA:101,0
DA:102,0
DA:103,0
DA:104,0
DA:105,0
DA:106,0
DA:107,5
DA:108,5
DA:109,0
DA:110,0
DA:111,5
DA:112,5
DA:113,0
DA:114,0
DA:115,5
DA:116,5
DA:117,0
DA:118,0
DA:119,0
DA:120,0
DA:121,0
DA:122,0
DA:123,0
DA:124,0
DA:125,0
DA:126,0
DA:127,5
DA:128,5
DA:129,0
DA:130,0
DA:131,0
DA:132,0
DA:133,0
DA:134,5
DA:135,5
DA:136,5
DA:137,5
DA:138,0
DA:139,0
DA:140,0
DA:141,0
DA:142,0
DA:143,0
DA:144,0
DA:145,0
DA:146,0
DA:147,0
DA:148,0
DA:149,5
DA:150,5
DA:151,0
DA:152,0
DA:153,5
DA:154,5
DA:155,5
DA:156,5
DA:157,5
DA:158,5
DA:159,5
DA:160,5
DA:161,5
DA:162,5
DA:163,5
DA:164,5
DA:165,5
DA:166,5
DA:167,5
DA:168,5
DA:169,5
DA:170,5
DA:171,5
DA:172,5
DA:173,5
DA:174,5
DA:175,5
DA:176,5
DA:177,5
DA:178,5
DA:179,5
DA:180,5
DA:181,5
DA:182,5
DA:183,5
DA:184,20
DA:185,20
DA:186,20
DA:187,0
DA:188,0
DA:189,0
DA:190,0
DA:191,0
DA:192,0
DA:193,0
DA:194,0
DA:195,0
DA:196,0
DA:197,0
DA:198,0
DA:199,0
DA:200,0
DA:201,0
DA:202,0
DA:203,0
DA:204,0
DA:205,20
DA:206,20
DA:207,20
DA:208,20
DA:209,20
DA:210,20
DA:211,20
DA:212,20
DA:213,20
DA:214,20
DA:215,20
DA:216,20
DA:217,20
DA:218,20
DA:219,20
DA:220,20
DA:221,20
DA:222,5
DA:223,5
DA:224,5
DA:225,5
DA:226,5
DA:227,5
DA:228,5
DA:229,5
DA:230,5
DA:231,5
DA:232,5
DA:233,5
DA:234,5
DA:235,5
DA:236,5
DA:237,5
DA:238,5
DA:239,5
DA:240,5
DA:241,5
DA:242,5
DA:243,5
DA:244,5
DA:245,5
DA:246,5
DA:247,5
DA:248,5
DA:249,5
DA:250,5
DA:251,5
DA:252,5
DA:253,5
DA:254,1
DA:255,1
LF:255
LH:198
BRDA:30,0,0,19
BRDA:43,1,0,12
BRDA:90,2,0,6
BRDA:94,3,0,1
BRDA:96,4,0,5
BRDA:61,5,0,11
BRDA:64,6,0,6
BRDA:65,7,0,6
BRDA:67,8,0,5
BRDA:80,9,0,1
BRDA:71,10,0,10
BRDA:108,11,0,20
BRDA:116,12,0,20
BRDA:183,13,0,20
BRDA:184,14,0,0
BRDA:186,15,0,0
BRDA:236,16,0,40
BRF:17
BRH:15
end_of_record
TN:
SF:src\pages\Unauthorized.tsx
FN:3,NoAccess
FNF:1
FNH:0
FNDA:0,NoAccess
DA:1,1
DA:2,1
DA:3,1
DA:4,0
DA:5,0
DA:6,0
DA:7,0
DA:8,0
DA:9,0
DA:10,0
DA:11,0
DA:12,0
DA:13,0
DA:14,1
DA:15,1
DA:16,1
DA:17,1
DA:18,1
DA:19,1
DA:20,1
DA:21,1
DA:22,1
DA:23,1
DA:24,1
DA:25,1
DA:26,1
DA:27,1
DA:28,1
DA:29,1
DA:30,1
DA:31,1
DA:32,1
DA:33,1
DA:34,1
DA:35,1
LF:35
LH:25
BRF:0
BRH:0
end_of_record
TN:
SF:src\pages\family.tsx
FN:13,FamilyPage
FN:25,handleCreateFamilyOpen
FN:26,handleCreateFamilyClose
FN:31,handleCreateMechanismOpen
FN:32,handleCreateMechanismClose
FNF:5
FNH:1
FNDA:1,FamilyPage
FNDA:0,handleCreateFamilyOpen
FNDA:0,handleCreateFamilyClose
FNDA:0,handleCreateMechanismOpen
FNDA:0,handleCreateMechanismClose
DA:1,1
DA:2,1
DA:3,1
DA:4,1
DA:5,1
DA:6,1
DA:7,1
DA:8,1
DA:9,1
DA:10,1
DA:11,1
DA:12,1
DA:13,1
DA:14,1
DA:15,1
DA:16,1
DA:17,1
DA:18,1
DA:19,1
DA:20,1
DA:21,1
DA:22,1
DA:23,1
DA:24,1
DA:25,1
DA:26,1
DA:27,1
DA:28,1
DA:29,1
DA:30,1
DA:31,1
DA:32,1
DA:33,1
DA:34,1
DA:35,1
DA:36,1
DA:37,1
DA:38,1
DA:39,1
DA:40,1
DA:41,1
DA:42,1
DA:43,1
DA:44,1
DA:45,1
DA:46,1
DA:47,1
DA:48,1
DA:49,1
DA:50,1
DA:51,1
DA:52,1
DA:53,1
DA:54,1
DA:55,1
DA:56,1
DA:57,1
DA:58,1
DA:59,1
DA:60,1
DA:61,1
DA:62,1
DA:63,1
DA:64,1
DA:65,1
DA:66,1
DA:67,1
DA:68,1
DA:69,1
DA:70,1
DA:71,1
DA:72,1
DA:73,1
DA:74,1
DA:75,1
DA:76,1
DA:77,1
DA:78,1
DA:79,1
DA:80,1
DA:81,1
DA:82,1
DA:83,1
LF:83
LH:83
BRDA:13,0,0,1
BRF:1
BRH:1
end_of_record
TN:
SF:src\pages\familyStyling.tsx
FNF:0
FNH:0
DA:1,1
DA:2,1
DA:3,1
DA:4,1
DA:5,1
DA:6,1
DA:7,1
DA:8,1
DA:9,1
DA:10,1
DA:11,1
DA:12,1
DA:13,1
DA:14,1
DA:15,1
DA:16,1
DA:17,1
DA:18,1
DA:19,1
DA:20,1
DA:21,1
LF:21
LH:21
BRF:0
BRH:0
end_of_record
TN:
SF:src\pages\logIn.tsx
FN:28,LogIn
FN:33,handleClick
FN:36,onSuccess
FN:39,onError
FN:117,logOut
FN:177,onClick
FNF:6
FNH:1
FNDA:3,LogIn
FNDA:0,handleClick
FNDA:0,onSuccess
FNDA:0,onError
FNDA:0,logOut
FNDA:0,onClick
DA:1,1
DA:2,1
DA:3,1
DA:4,1
DA:5,1
DA:6,1
DA:7,1
DA:8,1
DA:9,1
DA:10,1
DA:11,1
DA:12,1
DA:13,1
DA:14,1
DA:15,1
DA:16,1
DA:17,1
DA:18,1
DA:19,1
DA:20,1
DA:21,1
DA:22,1
DA:23,1
DA:24,1
DA:25,1
DA:26,1
DA:27,1
DA:28,1
DA:29,3
DA:30,3
DA:31,3
DA:32,3
DA:33,3
DA:34,3
DA:35,3
DA:36,3
DA:37,0
DA:38,0
DA:39,3
DA:40,3
DA:41,3
DA:42,3
DA:43,3
DA:44,0
DA:45,0
DA:46,0
DA:47,0
DA:48,0
DA:49,0
DA:50,0
DA:51,0
DA:52,0
DA:53,0
DA:54,0
DA:55,0
DA:56,0
DA:57,0
DA:58,0
DA:59,0
DA:60,0
DA:61,0
DA:62,0
DA:63,0
DA:64,0
DA:65,0
DA:66,0
DA:67,0
DA:68,0
DA:69,0
DA:70,0
DA:71,0
DA:72,0
DA:73,0
DA:74,0
DA:75,0
DA:76,0
DA:77,0
DA:78,0
DA:79,0
DA:80,0
DA:81,0
DA:82,0
DA:83,0
DA:84,0
DA:85,0
DA:86,0
DA:87,0
DA:88,0
DA:89,0
DA:90,0
DA:91,0
DA:92,0
DA:93,0
DA:94,0
DA:95,0
DA:96,0
DA:97,0
DA:98,0
DA:99,0
DA:100,0
DA:101,0
DA:102,0
DA:103,0
DA:104,0
DA:105,0
DA:106,0
DA:107,0
DA:108,0
DA:109,0
DA:110,0
DA:111,0
DA:112,0
DA:113,0
DA:114,3
DA:115,3
DA:116,3
DA:117,3
DA:118,0
DA:119,0
DA:120,0
DA:121,0
DA:122,3
DA:123,3
DA:124,3
DA:125,3
DA:126,3
DA:127,3
DA:128,3
DA:129,3
DA:130,3
DA:131,3
DA:132,3
DA:133,3
DA:134,3
DA:135,3
DA:136,3
DA:137,3
DA:138,3
DA:139,3
DA:140,3
DA:141,3
DA:142,3
DA:143,3
DA:144,3
DA:145,3
DA:146,3
DA:147,0
DA:148,0
DA:149,0
DA:150,0
DA:151,0
DA:152,0
DA:153,0
DA:154,0
DA:155,0
DA:156,0
DA:157,0
DA:158,0
DA:159,0
DA:160,0
DA:161,0
DA:162,0
DA:163,0
DA:164,0
DA:165,0
DA:166,0
DA:167,0
DA:168,0
DA:169,0
DA:170,0
DA:171,0
DA:172,0
DA:173,0
DA:174,3
DA:175,3
DA:176,3
DA:177,3
DA:178,3
DA:179,3
DA:180,3
DA:181,3
DA:182,3
DA:183,3
DA:184,3
DA:185,3
DA:186,3
DA:187,3
DA:188,3
DA:189,3
DA:190,3
DA:191,3
DA:192,3
DA:193,3
DA:194,3
DA:195,3
DA:196,3
DA:197,3
DA:198,3
DA:199,3
DA:200,3
DA:201,1
DA:202,1
LF:202
LH:99
BRDA:28,0,0,3
BRDA:146,1,0,0
BRDA:42,2,0,3
BRDA:43,3,0,0
BRF:4
BRH:2
end_of_record
TN:
SF:src\pages\loggedIn.tsx
FN:9,LoggedIn
FN:11,handleClickFam
FN:12,handleClickSettings
FNF:3
FNH:1
FNDA:1,LoggedIn
FNDA:0,handleClickFam
FNDA:0,handleClickSettings
DA:1,1
DA:2,1
DA:3,1
DA:4,1
DA:5,1
DA:6,1
DA:7,1
DA:8,1
DA:9,1
DA:10,1
DA:11,1
DA:12,1
DA:13,1
DA:14,1
DA:15,1
DA:16,1
DA:17,1
DA:18,1
DA:19,1
DA:20,1
DA:21,1
DA:22,1
DA:23,1
DA:24,1
DA:25,1
DA:26,1
DA:27,1
DA:28,1
DA:29,1
DA:30,1
DA:31,1
DA:32,1
DA:33,1
DA:34,1
DA:35,1
DA:36,1
DA:37,1
DA:38,1
DA:39,1
DA:40,1
DA:41,1
DA:42,1
DA:43,1
LF:43
LH:43
BRDA:9,0,0,1
BRF:1
BRH:1
end_of_record
TN:
SF:src\pages\settings.tsx
FN:8,Settings
FN:10,handleClick
FNF:2
FNH:1
FNDA:1,Settings
FNDA:0,handleClick
DA:1,1
DA:2,1
DA:3,1
DA:4,1
DA:5,1
DA:6,1
DA:7,1
DA:8,1
DA:9,1
DA:10,1
DA:11,1
DA:12,1
DA:13,1
DA:14,1
DA:15,1
DA:16,1
DA:17,1
DA:18,1
DA:19,1
DA:20,1
DA:21,1
DA:22,1
DA:23,1
DA:24,1
DA:25,1
DA:26,1
DA:27,1
DA:28,1
DA:29,1
DA:30,1
DA:31,1
DA:32,1
DA:33,1
DA:34,1
DA:35,1
DA:36,1
DA:37,1
DA:38,1
DA:39,1
LF:39
LH:39
BRDA:8,0,0,1
BRF:1
BRH:1
end_of_record
